C:\USERS\MLM\DOCUMENTS\VISUAL STUDIO 2010\PROJECTS\RSVD3\DEBUG\RSVD3.EXE
C:\USERS\MLM\DOCUMENTS\VISUAL STUDIO 2010\PROJECTS\RSVD3\DEBUG\RSVD3.ILK
C:\USERS\MLM\DOCUMENTS\VISUAL STUDIO 2010\PROJECTS\RSVD3\DEBUG\RSVD3.PDB
C:\Users\MLM\Documents\Visual Studio 2010\Projects\rsvd3\rsvd3\Debug\cl.command.1.tlog
C:\Users\MLM\Documents\Visual Studio 2010\Projects\rsvd3\rsvd3\Debug\CL.read.1.tlog
C:\Users\MLM\Documents\Visual Studio 2010\Projects\rsvd3\rsvd3\Debug\CL.write.1.tlog
C:\Users\MLM\Documents\Visual Studio 2010\Projects\rsvd3\rsvd3\Debug\link.command.1.tlog
C:\Users\MLM\Documents\Visual Studio 2010\Projects\rsvd3\rsvd3\Debug\link.read.1.tlog
C:\Users\MLM\Documents\Visual Studio 2010\Projects\rsvd3\rsvd3\Debug\link.write.1.tlog
C:\Users\MLM\Documents\Visual Studio 2010\Projects\rsvd3\rsvd3\Debug\mt.command.1.tlog
C:\Users\MLM\Documents\Visual Studio 2010\Projects\rsvd3\rsvd3\Debug\mt.read.1.tlog
C:\Users\MLM\Documents\Visual Studio 2010\Projects\rsvd3\rsvd3\Debug\mt.write.1.tlog
C:\USERS\MLM\DOCUMENTS\VISUAL STUDIO 2010\PROJECTS\RSVD3\RSVD3\DEBUG\REDSVDFILE.OBJ
C:\USERS\MLM\DOCUMENTS\VISUAL STUDIO 2010\PROJECTS\RSVD3\RSVD3\DEBUG\REDSVDMAIN.OBJ
C:\USERS\MLM\DOCUMENTS\VISUAL STUDIO 2010\PROJECTS\RSVD3\RSVD3\DEBUG\REDSVDMAININCR.OBJ
C:\USERS\MLM\DOCUMENTS\VISUAL STUDIO 2010\PROJECTS\RSVD3\RSVD3\DEBUG\RSVD3.EXE.INTERMEDIATE.MANIFEST
C:\USERS\MLM\DOCUMENTS\VISUAL STUDIO 2010\PROJECTS\RSVD3\RSVD3\DEBUG\TEST.OBJ
C:\USERS\MLM\DOCUMENTS\VISUAL STUDIO 2010\PROJECTS\RSVD3\RSVD3\DEBUG\UTIL.OBJ
C:\Users\MLM\Documents\Visual Studio 2010\Projects\rsvd3\rsvd3\Debug\vc100.idb
C:\USERS\MLM\DOCUMENTS\VISUAL STUDIO 2010\PROJECTS\RSVD3\RSVD3\DEBUG\VC100.PDB
